<?xml version="1.0" encoding="UTF-8"?>
<testng-results ignored="0" total="1" passed="1" failed="0" skipped="0">
  <reporter-output>
  </reporter-output>
  <suite started-at="2024-09-23T22:35:25Z" name="Default suite" finished-at="2024-09-23T22:35:58Z" duration-ms="33695">
    <groups>
    </groups>
    <test started-at="2024-09-23T22:35:25Z" name="Default test" finished-at="2024-09-23T22:35:58Z" duration-ms="33695">
      <class name="Examen">
        <test-method signature="test()[pri:0, instance:Examen@5f9be66c]" started-at="2024-09-23T22:35:25Z" name="test" finished-at="2024-09-23T22:35:58Z" duration-ms="33662" status="PASS">
          <reporter-output>
          </reporter-output>
        </test-method> <!-- test -->
      </class> <!-- Examen -->
    </test> <!-- Default test -->
  </suite> <!-- Default suite -->
</testng-results>
